{"level":"info","message":"IPFS Service initialized successfully","service":"microcrop-backend","timestamp":"2025-11-07 09:38:31"}
{"level":"info","message":"Uploading JSON to IPFS","name":"connection-test","service":"microcrop-backend","timestamp":"2025-11-07 09:38:31"}
{"level":"info","message":"JSON uploaded to IPFS successfully","service":"microcrop-backend","timestamp":"2025-11-07 09:38:33"}
{"level":"info","message":"Pinata connection test successful","service":"microcrop-backend","timestamp":"2025-11-07 09:38:33"}
{"level":"info","message":"Uploading JSON to IPFS","name":"ipfs-test.json","service":"microcrop-backend","timestamp":"2025-11-07 09:38:33"}
{"level":"info","message":"JSON uploaded to IPFS successfully","service":"microcrop-backend","timestamp":"2025-11-07 09:38:34"}
{"level":"info","message":"IPFS Service initialized successfully","service":"microcrop-backend","timestamp":"2025-11-07 09:41:18"}
{"level":"info","message":"Uploading JSON to IPFS","name":"connection-test","service":"microcrop-backend","timestamp":"2025-11-07 09:41:18"}
{"cid":"bafkreiawdekvyabkqqd3q4cie5iqpwvka5nu5ms4hql4luh7ehodxrnhwa","level":"info","message":"JSON uploaded to IPFS successfully","service":"microcrop-backend","size":84,"timestamp":"2025-11-07 09:41:20"}
{"cid":"bafkreiawdekvyabkqqd3q4cie5iqpwvka5nu5ms4hql4luh7ehodxrnhwa","level":"info","message":"Pinata connection test successful","service":"microcrop-backend","timestamp":"2025-11-07 09:41:20"}
{"level":"info","message":"Uploading JSON to IPFS","name":"ipfs-test.json","service":"microcrop-backend","timestamp":"2025-11-07 09:41:20"}
{"cid":"bafkreihzszjmvdffgq3qmefwr5wcwznlnawfreclrih4et2wee4wri7usi","level":"info","message":"JSON uploaded to IPFS successfully","service":"microcrop-backend","size":135,"timestamp":"2025-11-07 09:41:21"}
{"cid":"bafkreihzszjmvdffgq3qmefwr5wcwznlnawfreclrih4et2wee4wri7usi","level":"info","message":"Retrieving data from IPFS","service":"microcrop-backend","timestamp":"2025-11-07 09:41:21"}
{"cid":"bafkreihzszjmvdffgq3qmefwr5wcwznlnawfreclrih4et2wee4wri7usi","level":"info","message":"Data retrieved from IPFS successfully","service":"microcrop-backend","timestamp":"2025-11-07 09:41:22"}
{"level":"info","message":"Uploading JSON to IPFS","name":"damage-proof-TEST-CLAIM-001.json","service":"microcrop-backend","timestamp":"2025-11-07 09:41:22"}
{"cid":"bafkreieeejulvrorjq5vqveyzlpdle7xj5nvgmo65m2iftip5lb5tb45bi","level":"info","message":"JSON uploaded to IPFS successfully","service":"microcrop-backend","size":1235,"timestamp":"2025-11-07 09:41:23"}
{"cid":"bafkreieeejulvrorjq5vqveyzlpdle7xj5nvgmo65m2iftip5lb5tb45bi","claimId":"TEST-CLAIM-001","damageIndex":0.72,"level":"info","message":"Damage proof uploaded to IPFS","service":"microcrop-backend","timestamp":"2025-11-07 09:41:23"}
{"level":"info","message":"User registered successfully: john.kamau@example.com","role":"FARMER","service":"microcrop-backend","timestamp":"2025-11-17 16:01:54","userId":"e9f39115-eda7-45d9-a55a-8699bbdbb4be"}
{"level":"info","message":"User registration successful: john.kamau@example.com","role":"FARMER","service":"microcrop-backend","timestamp":"2025-11-17 16:01:54","userId":"e9f39115-eda7-45d9-a55a-8699bbdbb4be"}
{"body":{"email":"john.kamau@example.com","firstName":"John","lastName":"Kamau","password":"SecurePass123!","phone":"+254712345678","role":"FARMER"},"error":"Email already registered","level":"error","message":"Registration error:","service":"microcrop-backend","stack":"Error: Email already registered\n    at Object.register (/Users/onchainchef/Desktop/microcrop-setup/backend/src/services/auth.service.js:46:19)\n    at async register (/Users/onchainchef/Desktop/microcrop-setup/backend/src/api/controllers/auth.controller.js:51:20)","timestamp":"2025-11-17 16:02:49"}
{"level":"info","message":"User logged in successfully: john.kamau@example.com","role":"FARMER","service":"microcrop-backend","timestamp":"2025-11-17 16:03:03","userId":"e9f39115-eda7-45d9-a55a-8699bbdbb4be"}
{"level":"info","message":"User login successful: john.kamau@example.com","role":"FARMER","service":"microcrop-backend","timestamp":"2025-11-17 16:03:03","userId":"e9f39115-eda7-45d9-a55a-8699bbdbb4be"}
{"level":"info","message":"User registered successfully: jane.wanjiku@example.com","role":"FARMER","service":"microcrop-backend","timestamp":"2025-11-17 16:03:13","userId":"a3fa7018-11dd-4b19-9b21-b8115c0baeec"}
{"level":"info","message":"User registration successful: jane.wanjiku@example.com","role":"FARMER","service":"microcrop-backend","timestamp":"2025-11-17 16:03:13","userId":"a3fa7018-11dd-4b19-9b21-b8115c0baeec"}
{"email":"jane.wanjiku@example.com","error":"Invalid email or password","level":"error","message":"Login error:","service":"microcrop-backend","timestamp":"2025-11-17 16:04:30"}
{"body":{"email":"frontend.test@example.com","firstName":"Frontend","lastName":"Test","password":"FrontendTest123!","phone":"+254712345678","role":"FARMER"},"error":"Phone number already registered","level":"error","message":"Registration error:","service":"microcrop-backend","stack":"Error: Phone number already registered\n    at Object.register (/Users/onchainchef/Desktop/microcrop-setup/backend/src/services/auth.service.js:46:19)\n    at async register (/Users/onchainchef/Desktop/microcrop-setup/backend/src/api/controllers/auth.controller.js:51:20)","timestamp":"2025-11-17 16:15:37"}
{"body":{"email":"frontend.test@example.com","firstName":"Frontend","lastName":"Test","password":"FrontendTest123!","phone":"+254712345678","role":"FARMER"},"error":"Phone number already registered","level":"error","message":"Registration error:","service":"microcrop-backend","stack":"Error: Phone number already registered\n    at Object.register (/Users/onchainchef/Desktop/microcrop-setup/backend/src/services/auth.service.js:46:19)\n    at async register (/Users/onchainchef/Desktop/microcrop-setup/backend/src/api/controllers/auth.controller.js:51:20)","timestamp":"2025-11-17 16:15:46"}
{"level":"info","message":"User registered successfully: frontend.integration@example.com","role":"FARMER","service":"microcrop-backend","timestamp":"2025-11-17 16:15:53","userId":"67b21450-3d57-4de3-8ef9-43f8c52ecef4"}
{"level":"info","message":"User registration successful: frontend.integration@example.com","role":"FARMER","service":"microcrop-backend","timestamp":"2025-11-17 16:15:53","userId":"67b21450-3d57-4de3-8ef9-43f8c52ecef4"}
{"level":"info","message":"User logged in successfully: frontend.integration@example.com","role":"FARMER","service":"microcrop-backend","timestamp":"2025-11-17 16:16:00","userId":"67b21450-3d57-4de3-8ef9-43f8c52ecef4"}
{"level":"info","message":"User login successful: frontend.integration@example.com","role":"FARMER","service":"microcrop-backend","timestamp":"2025-11-17 16:16:00","userId":"67b21450-3d57-4de3-8ef9-43f8c52ecef4"}
{"level":"info","message":"User registered successfully: timbwamoses83@gmail.com","role":"ADMIN","service":"microcrop-backend","timestamp":"2025-11-17 16:21:53","userId":"d46fc17d-a737-49c4-9100-5e344096880a"}
{"level":"info","message":"User registration successful: timbwamoses83@gmail.com","role":"ADMIN","service":"microcrop-backend","timestamp":"2025-11-17 16:21:53","userId":"d46fc17d-a737-49c4-9100-5e344096880a"}
{"level":"info","message":"User logged in successfully: timbwamoses83@gmail.com","role":"ADMIN","service":"microcrop-backend","timestamp":"2025-11-18 06:59:01","userId":"d46fc17d-a737-49c4-9100-5e344096880a"}
{"level":"info","message":"User login successful: timbwamoses83@gmail.com","role":"ADMIN","service":"microcrop-backend","timestamp":"2025-11-18 06:59:01","userId":"d46fc17d-a737-49c4-9100-5e344096880a"}
{"level":"info","message":"User logged in successfully: timbwamoses83@gmail.com","role":"ADMIN","service":"microcrop-backend","timestamp":"2025-11-18 06:59:21","userId":"d46fc17d-a737-49c4-9100-5e344096880a"}
{"level":"info","message":"User login successful: timbwamoses83@gmail.com","role":"ADMIN","service":"microcrop-backend","timestamp":"2025-11-18 06:59:21","userId":"d46fc17d-a737-49c4-9100-5e344096880a"}
{"level":"info","message":"User logged in successfully: timbwamoses83@gmail.com","role":"ADMIN","service":"microcrop-backend","timestamp":"2025-11-18 06:59:54","userId":"d46fc17d-a737-49c4-9100-5e344096880a"}
{"level":"info","message":"User login successful: timbwamoses83@gmail.com","role":"ADMIN","service":"microcrop-backend","timestamp":"2025-11-18 06:59:54","userId":"d46fc17d-a737-49c4-9100-5e344096880a"}
{"body":{"email":"test123@test.com","firstName":"Test","lastName":"User","password":"Test123!","phone":"+254712345678","role":"FARMER"},"error":"Phone number already registered","level":"error","message":"Registration error:","service":"microcrop-backend","stack":"Error: Phone number already registered\n    at Object.register (/Users/onchainchef/Desktop/microcrop-setup/backend/src/services/auth.service.js:46:19)\n    at async register (/Users/onchainchef/Desktop/microcrop-setup/backend/src/api/controllers/auth.controller.js:51:20)","timestamp":"2025-11-18 07:08:00"}
{"level":"info","message":"User registered successfully: newuser@test.com","role":"FARMER","service":"microcrop-backend","timestamp":"2025-11-18 07:09:35","userId":"a4800984-eb48-4192-8c15-8b38b78888c1"}
{"level":"info","message":"User registration successful: newuser@test.com","role":"FARMER","service":"microcrop-backend","timestamp":"2025-11-18 07:09:35","userId":"a4800984-eb48-4192-8c15-8b38b78888c1"}
{"level":"info","message":"User logged in successfully: timbwamoses83@gmail.com","role":"ADMIN","service":"microcrop-backend","timestamp":"2025-11-18 07:12:08","userId":"d46fc17d-a737-49c4-9100-5e344096880a"}
{"level":"info","message":"User login successful: timbwamoses83@gmail.com","role":"ADMIN","service":"microcrop-backend","timestamp":"2025-11-18 07:12:08","userId":"d46fc17d-a737-49c4-9100-5e344096880a"}
{"level":"info","message":"User logged in successfully: timbwamoses83@gmail.com","role":"ADMIN","service":"microcrop-backend","timestamp":"2025-11-18 07:12:24","userId":"d46fc17d-a737-49c4-9100-5e344096880a"}
{"level":"info","message":"User login successful: timbwamoses83@gmail.com","role":"ADMIN","service":"microcrop-backend","timestamp":"2025-11-18 07:12:24","userId":"d46fc17d-a737-49c4-9100-5e344096880a"}
{"level":"info","message":"User logged in successfully: timbwamoses83@gmail.com","role":"ADMIN","service":"microcrop-backend","timestamp":"2025-11-18 07:12:43","userId":"d46fc17d-a737-49c4-9100-5e344096880a"}
{"level":"info","message":"User login successful: timbwamoses83@gmail.com","role":"ADMIN","service":"microcrop-backend","timestamp":"2025-11-18 07:12:43","userId":"d46fc17d-a737-49c4-9100-5e344096880a"}
{"level":"info","message":"User logged in successfully: timbwamoses83@gmail.com","role":"ADMIN","service":"microcrop-backend","timestamp":"2025-11-18 15:10:51","userId":"d46fc17d-a737-49c4-9100-5e344096880a"}
{"level":"info","message":"User login successful: timbwamoses83@gmail.com","role":"ADMIN","service":"microcrop-backend","timestamp":"2025-11-18 15:10:51","userId":"d46fc17d-a737-49c4-9100-5e344096880a"}
